Arguments: 
  /usr/local/bin/node /usr/local/Cellar/yarn/1.3.2/libexec/bin/yarn.js init

PATH: 
  /Users/joonasyliaho/flutter/bin/:/Users/joonasyliaho/.fzf/bin:/Users/joonasyliaho/.rvm/gems/ruby-2.3.3/bin:/Users/joonasyliaho/.rvm/gems/ruby-2.3.3@global/bin:/Users/joonasyliaho/.rvm/rubies/ruby-2.3.3/bin:/usr/local/opt/php71/bin:/Users/joonasyliaho/.yarn/bin:/Library/Frameworks/Python.framework/Versions/3.6/bin:joonasyliaho/.composer/vendor/bin/laravel:/Users/joonasyliaho/.rvm/bin:/usr/local/bin:/usr/bin:/bin:/usr/sbin:/sbin:/Library/Frameworks/Mono.framework/Versions/Current/Commands

Yarn version: 
  1.3.2

Node version: 
  9.8.0

Platform: 
  darwin x64

npm manifest: 
  No manifest

yarn manifest: 
  No manifest

Lockfile: 
  No lockfile

Trace: 
  Error: canceled
      at Interface.<anonymous> (/usr/local/Cellar/yarn/1.3.2/libexec/lib/cli.js:121045:13)
      at Interface.emit (events.js:180:13)
      at Interface._ttyWrite (readline.js:783:16)
      at ReadStream.onkeypress (readline.js:163:10)
      at ReadStream.emit (events.js:180:13)
      at emitKeys (internal/readline.js:420:14)
      at emitKeys.next (<anonymous>)
      at ReadStream.onData (readline.js:1019:36)
      at ReadStream.emit (events.js:180:13)
      at addChunk (_stream_readable.js:269:12)
